[35m[Appium][39m Welcome to Appium v1.8.0
[35m[Appium][39m Non-default server args:
[35m[Appium][39m   port: 61570
[35m[Appium][39m   loglevel: info
[35m[Appium][39m   chromeDriverPort: 61571
[35m[Appium][39m   tmpDir: C:\Users\DENISE~1\AppData\Local\Temp\\Katalon\Appium\Temp1533724055166
[35m[Appium][39m Appium REST http interface listener started on 0.0.0.0:61570
[35m[HTTP][39m [37m-->[39m [37mGET[39m [37m/wd/hub/status[39m
[35m[HTTP][39m [90m{}[39m
[35m[HTTP][39m [37m<-- GET /wd/hub/status [39m[32m200[39m [90m111 ms - 83[39m
[35m[HTTP][39m [90m[39m
[35m[HTTP][39m [37m-->[39m [37mGET[39m [37m/wd/hub/status[39m
[35m[HTTP][39m [90m{}[39m
[35m[HTTP][39m [37m<-- GET /wd/hub/status [39m[32m200[39m [90m75 ms - 83[39m
[35m[HTTP][39m [90m[39m
[35m[HTTP][39m [37m-->[39m [37mPOST[39m [37m/wd/hub/session[39m
[35m[HTTP][39m [90m{"desiredCapabilities":{"app":"C:\\Users\\denise concio\\Documents\\Appletini\\Android APKs\\app-debug.apk","autoGrantPermissions":true,"deviceName":"samsung SM-G532G (Android 6.0.1)","fullReset":false,"newCommandTimeout":1800,"noReset":true,"platform":"ANDROID","platformName":"Android","udid":"92010d70b48754a5"},"capabilities":{"desiredCapabilities":{"app":"C:\\Users\\denise concio\\Documents\\Appletini\\Android APKs\\app-debug.apk","autoGrantPermissions":true,"deviceName":"samsung SM-G532G (Android 6.0.1)","fullReset":false,"newCommandTimeout":1800,"noReset":true,"platform":"ANDROID","platformName":"Android","udid":"92010d70b48754a5"},"firstMatch":[{"platformName":"android"}]}}[39m
[35m[Appium][39m Could not parse W3C capabilities: 'deviceName' can't be blank. Falling back to JSONWP protocol.
[35m[Appium][39m The following capabilities were provided in the JSONWP desired capabilities that are missing in W3C capabilities: ["app","autoGrantPermissions","deviceName","fullReset","newCommandTimeout","noReset","platform","platformName","udid"]. Falling back to JSONWP protocol.
[35m[Appium][39m Creating new AndroidDriver (v2.4.1) session
[35m[Appium][39m Capabilities:
[35m[Appium][39m   app: C:\Users\denise concio\Documents\Appletini\Android APKs\app-debug.apk
[35m[Appium][39m   autoGrantPermissions: true
[35m[Appium][39m   deviceName: samsung SM-G532G (Android 6.0.1)
[35m[Appium][39m   fullReset: false
[35m[Appium][39m   newCommandTimeout: 1800
[35m[Appium][39m   noReset: true
[35m[Appium][39m   platform: ANDROID
[35m[Appium][39m   platformName: Android
[35m[Appium][39m   udid: 92010d70b48754a5
[35m[BaseDriver][39m The following capabilities were provided, but are not recognized by appium: platform.
[35m[BaseDriver][39m Session created with session id: 3411e028-7031-4f80-843b-798da398418e
[35m[AndroidDriver][39m Java version is: 1.8.0_102
[35m[ADB][39m Checking whether adb is present
[35m[ADB][39m Found 1 'build-tools' folders under 'C:\Users\denise concio\.katalon\tools\android_sdk' (newest first):
[35m[ADB][39m     C:/Users/denise concio/.katalon/tools/android_sdk/build-tools/28.0.1
[35m[ADB][39m Using adb.exe from C:\Users\denise concio\.katalon\tools\android_sdk\platform-tools\adb.exe
[35m[AndroidDriver][39m Retrieving device list
[35m[AndroidDriver][39m Using device: 92010d70b48754a5
[35m[ADB][39m Checking whether adb is present
[35m[ADB][39m Using adb.exe from C:\Users\denise concio\.katalon\tools\android_sdk\platform-tools\adb.exe
[35m[BaseDriver][39m Using local app 'C:\Users\denise concio\Documents\Appletini\Android APKs\app-debug.apk'
[35m[AndroidDriver][39m Starting Android session
[35m[ADB][39m Checking whether aapt is present
[35m[ADB][39m Using aapt.exe from C:\Users\denise concio\.katalon\tools\android_sdk\build-tools\28.0.1\aapt.exe
[35m[AndroidDriver][39m setDeviceLanguageCountry requires language or country.
[35m[AndroidDriver][39m Got language: 'null' and country: 'null'
[35m[ADB][39m Checking whether aapt is present
[35m[ADB][39m Using aapt.exe from C:\Users\denise concio\.katalon\tools\android_sdk\build-tools\28.0.1\aapt.exe
[35m[ADB][39m Getting device platform version
[35m[ADB][39m Using the alternative activity name detection method because of: Could not find apkanalyzer.bat in C:\Users\denise concio\.katalon\tools\android_sdk\platform-tools\apkanalyzer.bat,C:\Users\denise concio\.katalon\tools\android_sdk\emulator\apkanalyzer.bat,C:\Users\denise concio\.katalon\tools\android_sdk\tools\apkanalyzer.bat,C:\Users\denise concio\.katalon\tools\android_sdk\tools\bin\apkanalyzer.bat,C:\Users\denise concio\.katalon\tools\android_sdk\build-tools\28.0.1\apkanalyzer.bat. Do you have the Android SDK installed at 'C:\Users\denise concio\.katalon\tools\android_sdk'?
[35m[ADB][39m Checking whether aapt is present
[35m[ADB][39m Using aapt.exe from C:\Users\denise concio\.katalon\tools\android_sdk\build-tools\28.0.1\aapt.exe
[35m[ADB][39m Extracting package and launch activity from manifest
[35m[ADB][39m Package name: 'com.yondu.appletini'
[35m[ADB][39m Main activity name: 'com.yondu.appletini.ui.splashscreen.SplashScreenActivity'
[35m[ADB][39m Checking whether aapt is present
[35m[ADB][39m Using aapt.exe from C:\Users\denise concio\.katalon\tools\android_sdk\build-tools\28.0.1\aapt.exe
[35m[ADB][39m Checking whether aapt is present
[35m[ADB][39m Using aapt.exe from C:\Users\denise concio\.katalon\tools\android_sdk\build-tools\28.0.1\aapt.exe
[35m[ADB][39m Successfully extracted 173 strings from 'C:\Users\denise concio\Documents\Appletini\Android APKs\app-debug.apk' resources for '(default)' configuration
[35m[ADB][39m No uiautomator process found to kill, continuing...
[35m[AndroidBootstrap][39m Android bootstrap socket is now connected
[35m[AndroidDriver][39m Screen already unlocked, doing nothing
[35m[Appium][39m New AndroidDriver session created successfully, session 3411e028-7031-4f80-843b-798da398418e added to master session list
[35m[HTTP][39m [37m<-- POST /wd/hub/session [39m[32m200[39m [90m18974 ms - 1191[39m
[35m[HTTP][39m [90m[39m
[35m[HTTP][39m [37m-->[39m [37mGET[39m [37m/wd/hub/status[39m
[35m[HTTP][39m [90m{}[39m
[35m[HTTP][39m [37m<-- GET /wd/hub/status [39m[32m200[39m [90m88 ms - 55[39m
[35m[HTTP][39m [90m[39m
[35m[HTTP][39m [37m-->[39m [37mPOST[39m [37m/wd/hub/session/3411e028-7031-4f80-843b-798da398418e/timeouts[39m
[35m[HTTP][39m [90m{"type":"implicit","ms":60000}[39m
[35m[HTTP][39m [37m<-- POST /wd/hub/session/3411e028-7031-4f80-843b-798da398418e/timeouts [39m[33m400[39m [90m14 ms - 5564[39m
[35m[HTTP][39m [90m[39m
[35m[HTTP][39m [37m-->[39m [37mGET[39m [37m/wd/hub/session/3411e028-7031-4f80-843b-798da398418e/source[39m
[35m[HTTP][39m [90m{}[39m
[35m[HTTP][39m [37m<-- GET /wd/hub/session/3411e028-7031-4f80-843b-798da398418e/source [39m[32m200[39m [90m167 ms - 6217[39m
[35m[HTTP][39m [90m[39m
[35m[HTTP][39m [37m-->[39m [37mGET[39m [37m/wd/hub/session/3411e028-7031-4f80-843b-798da398418e/screenshot[39m
[35m[HTTP][39m [90m{}[39m
[35m[HTTP][39m [37m<-- GET /wd/hub/session/3411e028-7031-4f80-843b-798da398418e/screenshot [39m[32m200[39m [90m678 ms - 36714[39m
[35m[HTTP][39m [90m[39m
[35m[HTTP][39m [37m-->[39m [37mDELETE[39m [37m/wd/hub/session/3411e028-7031-4f80-843b-798da398418e[39m
[35m[HTTP][39m [90m{}[39m
[35m[Appium][39m Removing session 3411e028-7031-4f80-843b-798da398418e from our master session list
[35m[ADB][39m No uiautomator process found to kill, continuing...
[35m[HTTP][39m [37m<-- DELETE /wd/hub/session/3411e028-7031-4f80-843b-798da398418e [39m[32m200[39m [90m5565 ms - 76[39m
[35m[HTTP][39m [90m[39m
